2020-06-27 Sat 20:39:15 [INFO]: Application started
2020-06-27 Sat 20:39:15 [DEBUG]: Idle Enter
2020-06-27 Sat 20:39:36 [DEBUG]: CH button press
2020-06-27 Sat 20:39:36 [INFO]: CH boost started (15.000000 minutes)
2020-06-27 Sat 20:39:36 [DEBUG]: State change: <class 'chfsm.CHState'>
2020-06-27 Sat 20:39:36 [DEBUG]: CH Enter
2020-06-27 Sat 20:41:08 [DEBUG]: CH button press
2020-06-27 Sat 20:41:08 [INFO]: CH boost cancelled
2020-06-27 Sat 20:41:08 [DEBUG]: State change: <class 'chfsm.IdleState'>
2020-06-27 Sat 20:41:08 [DEBUG]: Idle Enter
2020-06-27 Sat 20:41:09 [DEBUG]: HW button press
2020-06-27 Sat 20:41:09 [INFO]: HW boost started (15.000000 minutes)
2020-06-27 Sat 20:41:09 [DEBUG]: State change: <class 'chfsm.HWState'>
2020-06-27 Sat 20:41:09 [DEBUG]: HW Enter
2020-06-27 Sat 20:41:11 [DEBUG]: HW button press
2020-06-27 Sat 20:41:11 [INFO]: HW boost cancelled
2020-06-27 Sat 20:41:11 [DEBUG]: State change: <class 'chfsm.IdleState'>
2020-06-27 Sat 20:41:11 [DEBUG]: Idle Enter
2020-06-27 Sat 20:41:11 [DEBUG]: CH button press
2020-06-27 Sat 20:41:11 [DEBUG]: HW button press
2020-06-27 Sat 20:41:12 [INFO]: CH boost started (15.000000 minutes)
2020-06-27 Sat 20:41:12 [INFO]: HW boost started (15.000000 minutes)
2020-06-27 Sat 20:41:12 [DEBUG]: State change: <class 'chfsm.BothState'>
2020-06-27 Sat 20:41:12 [DEBUG]: HW and CH Enter
2020-06-27 Sat 20:41:15 [DEBUG]: HW button press
2020-06-27 Sat 20:41:15 [INFO]: HW boost cancelled
2020-06-27 Sat 20:41:15 [DEBUG]: State change: <class 'chfsm.CHState'>
2020-06-27 Sat 20:41:15 [DEBUG]: CH Enter
2020-06-27 Sat 20:41:15 [DEBUG]: CH button press
2020-06-27 Sat 20:41:15 [INFO]: CH boost cancelled
2020-06-27 Sat 20:41:15 [DEBUG]: State change: <class 'chfsm.IdleState'>
2020-06-27 Sat 20:41:15 [DEBUG]: Idle Enter
2020-06-27 Sat 20:44:15 [DEBUG]: Diagnostics: {'ping gateway': '', 'ping response': False, 'temperature': 51.121, 'average load': 0.15}
2020-06-27 Sat 20:48:00 [INFO]: Application started
2020-06-27 Sat 20:48:00 [DEBUG]: Idle Enter
2020-06-27 Sat 20:48:07 [INFO]: Application started
2020-06-27 Sat 20:48:07 [DEBUG]: Idle Enter
2020-06-27 Sat 20:49:15 [DEBUG]: Diagnostics: {'ping gateway': '', 'ping response': False, 'temperature': 51.608, 'average load': 0.12}
2020-06-27 Sat 20:54:16 [DEBUG]: Diagnostics: {'ping gateway': '', 'ping response': False, 'temperature': 53.069, 'average load': 0.38}
2020-06-27 Sat 20:59:16 [DEBUG]: Diagnostics: {'ping gateway': '', 'ping response': False, 'temperature': 50.634, 'average load': 0.23}
2020-06-27 Sat 21:04:16 [DEBUG]: Diagnostics: {'ping gateway': '', 'ping response': False, 'temperature': 50.634, 'average load': 0.13}
2020-06-27 Sat 21:09:16 [DEBUG]: Diagnostics: {'ping gateway': '', 'ping response': False, 'temperature': 50.147, 'average load': 0.09}
2020-06-27 Sat 21:14:16 [DEBUG]: Diagnostics: {'ping gateway': '', 'ping response': False, 'temperature': 48.686, 'average load': 0.09}
2020-06-27 Sat 21:19:16 [DEBUG]: Diagnostics: {'ping gateway': '', 'ping response': False, 'temperature': 49.173, 'average load': 0.07}
2020-06-27 Sat 21:24:16 [DEBUG]: Diagnostics: {'ping gateway': '', 'ping response': False, 'temperature': 48.199, 'average load': 0.04}
2020-06-27 Sat 21:29:16 [DEBUG]: Diagnostics: {'ping gateway': '', 'ping response': False, 'temperature': 48.199, 'average load': 0.04}
2020-06-27 Sat 21:34:16 [DEBUG]: Diagnostics: {'ping gateway': '', 'ping response': False, 'temperature': 47.225, 'average load': 0.08}
2020-06-27 Sat 21:39:16 [DEBUG]: Diagnostics: {'ping gateway': '', 'ping response': False, 'temperature': 50.147, 'average load': 0.13}
2020-06-27 Sat 21:44:17 [DEBUG]: Diagnostics: {'ping gateway': '', 'ping response': False, 'temperature': 50.147, 'average load': 0.17}
2020-06-27 Sat 21:49:17 [DEBUG]: Diagnostics: {'ping gateway': '', 'ping response': False, 'temperature': 50.147, 'average load': 0.25}
2020-06-27 Sat 21:54:17 [DEBUG]: Diagnostics: {'ping gateway': '', 'ping response': False, 'temperature': 49.173, 'average load': 0.16}
2020-06-27 Sat 21:59:17 [DEBUG]: Diagnostics: {'ping gateway': '', 'ping response': False, 'temperature': 47.712, 'average load': 0.15}
2020-06-27 Sat 22:04:17 [DEBUG]: Diagnostics: {'ping gateway': '', 'ping response': False, 'temperature': 50.634, 'average load': 0.19}
2020-06-27 Sat 22:09:17 [DEBUG]: Diagnostics: {'ping gateway': '', 'ping response': False, 'temperature': 49.173, 'average load': 0.16}
2020-06-27 Sat 22:14:17 [DEBUG]: Diagnostics: {'ping gateway': '', 'ping response': False, 'temperature': 49.66, 'average load': 0.22}
2020-06-27 Sat 22:19:17 [DEBUG]: Diagnostics: {'ping gateway': '', 'ping response': False, 'temperature': 50.147, 'average load': 0.16}
